{
  "0 debug pnpm:scope": {
    "selected": 1
  },
  "1 error pnpm": {
    "code": "ELIFECYCLE",
    "errno": "ENOENT",
    "syscall": "spawn",
    "file": "sh",
    "pkgid": "@",
    "stage": "dev",
    "script": "astro dev",
    "err": {
      "name": "pnpm",
      "message": "@ dev: `astro dev`\nspawn ENOENT",
      "code": "ELIFECYCLE",
      "stack": "pnpm: @ dev: `astro dev`\nspawn ENOENT\n    at ChildProcess.<anonymous> (/opt/homebrew/Cellar/node/17.3.0/pnpm-global/5/node_modules/.pnpm/pnpm@6.32.3/node_modules/pnpm/dist/pnpm.cjs:92278:22)\n    at ChildProcess.emit (node:events:390:28)\n    at maybeClose (node:internal/child_process:1062:16)\n    at Process.ChildProcess._handle.onexit (node:internal/child_process:301:5)"
    }
  },
  "2 warn pnpm:global": " Local package.json exists, but node_modules missing, did you mean to install?"
}